2025-03-28 17:33:51.246431 - Received CBT.V508.FILE027.PDS from FILE027.XMI 
2025-03-28 17:33:51.249816 - Found $$$#DATE.txt (text/plain) in CBT.V508.FILE027.PDS, moved to PDS/$$$#DATE
2025-03-28 17:33:51.251358 - Found $$DOC.txt (text/plain) in CBT.V508.FILE027.PDS, moved to PDS/$$DOC
2025-03-28 17:33:51.252881 - Found $CLEAR.txt (text/plain) in CBT.V508.FILE027.PDS, moved to PDS/$CLEAR
2025-03-28 17:33:51.254414 - Found $DFLAG.txt (text/plain) in CBT.V508.FILE027.PDS, moved to PDS/$DFLAG
2025-03-28 17:33:51.255791 - Found $EPILOG.txt (text/plain) in CBT.V508.FILE027.PDS, moved to PDS/$EPILOG
2025-03-28 17:33:51.257340 - Found $FLAG.txt (text/plain) in CBT.V508.FILE027.PDS, moved to PDS/$FLAG
2025-03-28 17:33:51.260253 - Found $HEAD.txt (text/plain) in CBT.V508.FILE027.PDS, moved to PDS/$HEAD
2025-03-28 17:33:51.261808 - Found $PROLOG.txt (text/plain) in CBT.V508.FILE027.PDS, moved to PDS/$PROLOG
2025-03-28 17:33:51.263506 - Found $REGS.txt (text/plain) in CBT.V508.FILE027.PDS, moved to PDS/$REGS
2025-03-28 17:33:51.265222 - Found $TEST.txt (text/plain) in CBT.V508.FILE027.PDS, moved to PDS/$TEST
2025-03-28 17:33:51.267886 - Found #CONVDAT.txt (text/plain) in CBT.V508.FILE027.PDS, moved to PDS/#CONVDAT
2025-03-28 17:33:51.269341 - Found @FILE027.txt (text/plain) in CBT.V508.FILE027.PDS, moved to PDS/@FILE027
2025-03-28 17:33:51.271963 - Found DATECHCK.jcl (text/plain) in CBT.V508.FILE027.PDS, moved to PDS/DATECHCK
2025-03-28 17:33:51.273269 - Found DAYCCA01.txt (text/plain) in CBT.V508.FILE027.PDS, moved to PDS/DAYCCA01
2025-03-28 17:33:51.277863 - Found DAYCCA02.txt (text/plain) in CBT.V508.FILE027.PDS, moved to PDS/DAYCCA02
2025-03-28 17:33:51.279734 - Found DAYCCA03.txt (text/plain) in CBT.V508.FILE027.PDS, moved to PDS/DAYCCA03
2025-03-28 17:33:51.281074 - Found DAYCCA04.txt (text/plain) in CBT.V508.FILE027.PDS, moved to PDS/DAYCCA04
2025-03-28 17:33:51.283003 - Found DAYCCA05.txt (text/plain) in CBT.V508.FILE027.PDS, moved to PDS/DAYCCA05
2025-03-28 17:33:51.284309 - Found DAYCCA06.txt (text/plain) in CBT.V508.FILE027.PDS, moved to PDS/DAYCCA06
2025-03-28 17:33:51.285781 - Found DAYCCA07.txt (text/plain) in CBT.V508.FILE027.PDS, moved to PDS/DAYCCA07
2025-03-28 17:33:51.287329 - Found DAYCC001.txt (text/plain) in CBT.V508.FILE027.PDS, moved to PDS/DAYCC001
2025-03-28 17:33:51.288600 - Found DAYC0001.txt (text/plain) in CBT.V508.FILE027.PDS, moved to PDS/DAYC0001
